F:\REFERENCE\并行计算\OPENMP\例子\一个简单的例子\DEBUG\一个简单的例子.EXE
F:\REFERENCE\并行计算\OPENMP\例子\一个简单的例子\DEBUG\一个简单的例子.ILK
F:\REFERENCE\并行计算\OPENMP\例子\一个简单的例子\DEBUG\一个简单的例子.PDB
F:\Reference\并行计算\OpenMP\例子\一个简单的例子\一个简单的例子\Debug\cl.command.1.tlog
F:\Reference\并行计算\OpenMP\例子\一个简单的例子\一个简单的例子\Debug\CL.read.1.tlog
F:\Reference\并行计算\OpenMP\例子\一个简单的例子\一个简单的例子\Debug\CL.write.1.tlog
F:\Reference\并行计算\OpenMP\例子\一个简单的例子\一个简单的例子\Debug\link.8608.read.1.tlog
F:\Reference\并行计算\OpenMP\例子\一个简单的例子\一个简单的例子\Debug\link.8608.write.1.tlog
F:\Reference\并行计算\OpenMP\例子\一个简单的例子\一个简单的例子\Debug\link.8608-cvtres.read.1.tlog
F:\Reference\并行计算\OpenMP\例子\一个简单的例子\一个简单的例子\Debug\link.8608-cvtres.write.1.tlog
F:\Reference\并行计算\OpenMP\例子\一个简单的例子\一个简单的例子\Debug\link.command.1.tlog
F:\Reference\并行计算\OpenMP\例子\一个简单的例子\一个简单的例子\Debug\link.read.1.tlog
F:\Reference\并行计算\OpenMP\例子\一个简单的例子\一个简单的例子\Debug\link.write.1.tlog
F:\Reference\并行计算\OpenMP\例子\一个简单的例子\一个简单的例子\Debug\link-cvtres.read.1.tlog
F:\Reference\并行计算\OpenMP\例子\一个简单的例子\一个简单的例子\Debug\link-cvtres.write.1.tlog
F:\Reference\并行计算\OpenMP\例子\一个简单的例子\一个简单的例子\Debug\mt.command.1.tlog
F:\Reference\并行计算\OpenMP\例子\一个简单的例子\一个简单的例子\Debug\mt.read.1.tlog
F:\Reference\并行计算\OpenMP\例子\一个简单的例子\一个简单的例子\Debug\mt.write.1.tlog
F:\Reference\并行计算\OpenMP\例子\一个简单的例子\一个简单的例子\Debug\rc.command.1.tlog
F:\Reference\并行计算\OpenMP\例子\一个简单的例子\一个简单的例子\Debug\rc.read.1.tlog
F:\Reference\并行计算\OpenMP\例子\一个简单的例子\一个简单的例子\Debug\rc.write.1.tlog
F:\REFERENCE\并行计算\OPENMP\例子\一个简单的例子\一个简单的例子\DEBUG\STDAFX.OBJ
F:\REFERENCE\并行计算\OPENMP\例子\一个简单的例子\一个简单的例子\DEBUG\TEST02.OBJ
F:\Reference\并行计算\OpenMP\例子\一个简单的例子\一个简单的例子\Debug\vc100.idb
F:\REFERENCE\并行计算\OPENMP\例子\一个简单的例子\一个简单的例子\DEBUG\VC100.PDB
F:\REFERENCE\并行计算\OPENMP\例子\一个简单的例子\一个简单的例子\DEBUG\一个简单的例子.EXE.EMBED.MANIFEST
F:\REFERENCE\并行计算\OPENMP\例子\一个简单的例子\一个简单的例子\DEBUG\一个简单的例子.EXE.EMBED.MANIFEST.RES
F:\REFERENCE\并行计算\OPENMP\例子\一个简单的例子\一个简单的例子\DEBUG\一个简单的例子.EXE.INTERMEDIATE.MANIFEST
F:\REFERENCE\并行计算\OPENMP\例子\一个简单的例子\一个简单的例子\DEBUG\一个简单的例子.OBJ
F:\REFERENCE\并行计算\OPENMP\例子\一个简单的例子\一个简单的例子\DEBUG\一个简单的例子.PCH
F:\Reference\并行计算\OpenMP\例子\一个简单的例子\一个简单的例子\Debug\一个简单的例子_manifest.rc
